<?xml version="1.0" encoding="UTF-8"?>
<!-- Generated by org.testng.reporters.JUnitXMLReporter -->
<testsuite ignored="0" hostname="DESKTOP-92GA5HL" failures="0" tests="3" name="Default test" time="6.675" errors="0" timestamp="2023-10-24T13:03:15 IST">
  <testcase classname="test_restassur.httpReq" name="createUser" time="4.648"/>
  <testcase classname="test_restassur.httpReq" name="getListUsers" time="1.608"/>
  <testcase classname="test_restassur.httpReq" name="getSingleUser" time="0.314"/>
</testsuite> <!-- Default test -->
