<?xml version="1.0" encoding="UTF-8"?>
<testng-results ignored="0" total="3" passed="3" failed="0" skipped="0">
  <reporter-output>
  </reporter-output>
  <suite started-at="2023-10-24T13:03:09 IST" name="Default suite" finished-at="2023-10-24T13:03:15 IST" duration-ms="6675">
    <groups>
    </groups>
    <test started-at="2023-10-24T13:03:09 IST" name="Default test" finished-at="2023-10-24T13:03:15 IST" duration-ms="6675">
      <class name="test_restassur.httpReq">
        <test-method signature="createUser()[pri:0, instance:test_restassur.httpReq@5a56cdac]" started-at="2023-10-24T13:03:09 IST" name="createUser" finished-at="2023-10-24T13:03:13 IST" duration-ms="4648" status="PASS">
          <reporter-output>
          </reporter-output>
        </test-method> <!-- createUser -->
        <test-method signature="getListUsers()[pri:0, instance:test_restassur.httpReq@5a56cdac]" started-at="2023-10-24T13:03:13 IST" name="getListUsers" finished-at="2023-10-24T13:03:15 IST" duration-ms="1608" status="PASS">
          <reporter-output>
          </reporter-output>
        </test-method> <!-- getListUsers -->
        <test-method signature="getSingleUser()[pri:0, instance:test_restassur.httpReq@5a56cdac]" started-at="2023-10-24T13:03:15 IST" name="getSingleUser" finished-at="2023-10-24T13:03:15 IST" duration-ms="314" status="PASS">
          <reporter-output>
          </reporter-output>
        </test-method> <!-- getSingleUser -->
      </class> <!-- test_restassur.httpReq -->
    </test> <!-- Default test -->
  </suite> <!-- Default suite -->
</testng-results>
